<?xml version="1.0" encoding="UTF-8"?>
<!-- Generated by org.testng.reporters.JUnitReportReporter -->
<testsuite hostname="DESKTOP-9GGAELR" failures="0" tests="1" name="com.fithub.services.auth.test.suites.ClientServiceTest" time="1.190" errors="0" timestamp="2024-03-25T20:12:38 CET" skipped="0">
  <testcase classname="com.fithub.services.auth.test.suites.ClientServiceTest" name="testSignUp_ValidDataProvided_ReturnsSignedUpClient" time="1.190"/>
</testsuite> <!-- com.fithub.services.auth.test.suites.ClientServiceTest -->
