<?xml version="1.0" encoding="UTF-8"?>
<!-- Generated by org.testng.reporters.JUnitReportReporter -->
<testsuite hostname="NEDZLA-LAPTOP" failures="0" tests="2" name="com.fithub.services.mealplan.test.suites.CoachServiceTest" time="0.169" errors="0" timestamp="2024-04-03T01:47:29 CEST" skipped="0">
  <testcase classname="com.fithub.services.mealplan.test.suites.CoachServiceTest" name="testGetCoachNameAndLastName_ValidUserIdIsProvided_ReturnsNameAndLastName" time="0.154"/>
  <testcase classname="com.fithub.services.mealplan.test.suites.CoachServiceTest" name="testGetCoachNameAndLastName_InvalidUserId_ReturnsNotFound" time="0.015"/>
</testsuite> <!-- com.fithub.services.mealplan.test.suites.CoachServiceTest -->
