<?xml version="1.0" encoding="UTF-8"?>
<!-- Generated by org.testng.reporters.JUnitReportReporter -->
<testsuite hostname="NEDZLA-LAPTOP" failures="0" tests="1" name="com.fithub.services.mealplan.test.suites.ClientServiceTest" time="2.739" errors="0" timestamp="2024-04-02T01:17:28 CEST" skipped="0">
  <testcase classname="com.fithub.services.mealplan.test.suites.ClientServiceTest" name="testGetMealPlan_ValidClientIdIsProvided_ReturnsMealPlan" time="2.739"/>
</testsuite> <!-- com.fithub.services.mealplan.test.suites.ClientServiceTest -->
