<?xml version="1.0" encoding="UTF-8"?>
<!-- Generated by org.testng.reporters.JUnitReportReporter -->
<testsuite hostname="NEDZLA-LAPTOP" failures="0" tests="1" name="com.fithub.services.mealplan.test.suites.CoachServiceTest" time="0.170" errors="0" timestamp="2024-04-02T14:49:36 CEST" skipped="0">
  <testcase classname="com.fithub.services.mealplan.test.suites.CoachServiceTest" name="testGetCoachNameAndLastName_ValidUserIdIsProvided_ReturnsNameAndLastName" time="0.170"/>
</testsuite> <!-- com.fithub.services.mealplan.test.suites.CoachServiceTest -->
