<?xml version="1.0" encoding="UTF-8"?>
<!-- Generated by org.testng.reporters.JUnitReportReporter -->
<testsuite hostname="NEDZLA-LAPTOP" failures="0" tests="2" name="com.fithub.services.mealplan.test.suites.ClientServiceTest" time="4.622" errors="0" timestamp="2024-04-02T14:49:36 CEST" skipped="0">
  <testcase classname="com.fithub.services.mealplan.test.suites.ClientServiceTest" name="testGetClientNameAndLastName_ValidUserIdIsProvided_ReturnsNameAndLastName" time="0.477"/>
  <testcase classname="com.fithub.services.mealplan.test.suites.ClientServiceTest" name="testGetMealPlan_ValidClientIdIsProvided_ReturnsMealPlan" time="4.145"/>
</testsuite> <!-- com.fithub.services.mealplan.test.suites.ClientServiceTest -->
