<?xml version="1.0" encoding="UTF-8"?>
<!-- Generated by org.testng.reporters.JUnitReportReporter -->
<testsuite hostname="NEDZLA-LAPTOP" failures="0" tests="9" name="com.fithub.services.mealplan.test.suites.ClientServiceTest" time="3.001" errors="0" timestamp="2024-04-03T01:47:29 CEST" skipped="0">
  <testcase classname="com.fithub.services.mealplan.test.suites.ClientServiceTest" name="testGetClientNameAndLastName_EmptyUserId_ReturnsNotFoundException" time="0.102"/>
  <testcase classname="com.fithub.services.mealplan.test.suites.ClientServiceTest" name="testGetMealPlan_InvalidClientId_ReturnsNotFoundException" time="0.025"/>
  <testcase classname="com.fithub.services.mealplan.test.suites.ClientServiceTest" name="testGetMealPlan_NullClientId_ReturnsNotFoundException" time="0.101"/>
  <testcase classname="com.fithub.services.mealplan.test.suites.ClientServiceTest" name="testGetMealPlan_ValidClientIdIsProvided_ReturnsMealPlan1" time="0.053"/>
  <testcase classname="com.fithub.services.mealplan.test.suites.ClientServiceTest" name="testGetClientNameAndLastName_ValidUserIdIsProvided_ReturnsNameAndLastName" time="0.167"/>
  <testcase classname="com.fithub.services.mealplan.test.suites.ClientServiceTest" name="testGetClientNameAndLastName_NullUserId_ReturnsNotFoundException" time="1.668"/>
  <testcase classname="com.fithub.services.mealplan.test.suites.ClientServiceTest" name="testGetMealPlan_ValidClientIdIsProvided_ReturnsMealPlan2" time="0.016"/>
  <testcase classname="com.fithub.services.mealplan.test.suites.ClientServiceTest" name="testGetClientNameAndLastName_InvalidUserId_ReturnsNotFoundException" time="0.854"/>
  <testcase classname="com.fithub.services.mealplan.test.suites.ClientServiceTest" name="testGetMealPlan_EmptyClientId_ReturnsNotFoundException" time="0.015"/>
</testsuite> <!-- com.fithub.services.mealplan.test.suites.ClientServiceTest -->
