<?xml version="1.0" encoding="UTF-8"?>
<!-- Generated by org.testng.reporters.JUnitReportReporter -->
<testsuite hostname="DESKTOP-G6NDRKF" failures="0" tests="1" name="com.fithub.services.chat.test.suites.ChatroomServiceTest" time="1.335" errors="0" timestamp="2024-03-28T20:19:06 CET" skipped="0">
  <testcase classname="com.fithub.services.chat.test.suites.ChatroomServiceTest" name="testGetMessages_ValidChatroomIdIsProvided_ReturnsMessages" time="1.335"/>
</testsuite> <!-- com.fithub.services.chat.test.suites.ChatroomServiceTest -->
